#
# There is insufficient memory for the Java Runtime Environment to continue.
# Native memory allocation (malloc) failed to allocate 18446744073709551600 bytes for Arena::Amalloc
# Possible reasons:
#   The system is out of physical RAM or swap space
#   The process is running with CompressedOops enabled, and the Java Heap may be blocking the growth of the native heap
# Possible solutions:
#   Reduce memory load on the system
#   Increase physical memory or swap space
#   Check if swap backing store is full
#   Decrease Java heap size (-Xmx/-Xms)
#   Decrease number of Java threads
#   Decrease Java thread stack sizes (-Xss)
#   Set larger code cache with -XX:ReservedCodeCacheSize=
#   JVM is running with Unscaled Compressed Oops mode in which the Java heap is
#     placed in the first 4GB address space. The Java Heap base address is the
#     maximum limit for the native heap growth. Please use -XX:HeapBaseMinAddress
#     to set the Java Heap base and to place the Java Heap above 4GB virtual address.
# This output file may be truncated or incomplete.
#
#  Out of Memory Error (allocation.cpp:550), pid=5264, tid=0x0000000000000d50
#
# JRE version: OpenJDK Runtime Environment (8.0_242-b01) (build 1.8.0_242-release-1644-b01)
# Java VM: OpenJDK 64-Bit Server VM (25.242-b01 mixed mode windows-amd64 compressed oops)
# Failed to write core dump. Minidumps are not enabled by default on client versions of Windows
#

---------------  T H R E A D  ---------------

Current thread (0x000000001a293800):  JavaThread "C1 CompilerThread3" daemon [_thread_in_native, id=3408, stack(0x000000001ae60000,0x000000001af60000)]

Stack: [0x000000001ae60000,0x000000001af60000]
[error occurred during error reporting (printing stack bounds), id 0xc0000005]

Native frames: (J=compiled Java code, j=interpreted, Vv=VM code, C=native code)


Current CompileTask:
C1:  35554 14374       2       com.android.tools.r8.utils.s0::a (97 bytes)


---------------  P R O C E S S  ---------------

Java Threads: ( => current thread )
  0x0000000022303800 JavaThread "ForkJoinPool-2-worker-0" daemon [_thread_in_Java, id=6436, stack(0x0000000033ee0000,0x0000000033fe0000)]
  0x0000000022303000 JavaThread "ForkJoinPool-2-worker-7" daemon [_thread_blocked, id=4656, stack(0x0000000033de0000,0x0000000033ee0000)]
  0x0000000022300800 JavaThread "ForkJoinPool-2-worker-6" daemon [_thread_blocked, id=3980, stack(0x0000000033ce0000,0x0000000033de0000)]
  0x0000000022302000 JavaThread "ForkJoinPool-2-worker-5" daemon [_thread_blocked, id=5032, stack(0x0000000033be0000,0x0000000033ce0000)]
  0x0000000022300000 JavaThread "ForkJoinPool-2-worker-4" daemon [_thread_blocked, id=10116, stack(0x0000000031410000,0x0000000031510000)]
  0x00000000222ff000 JavaThread "ForkJoinPool-2-worker-3" daemon [_thread_blocked, id=11372, stack(0x00000000310b0000,0x00000000311b0000)]
  0x0000000022301800 JavaThread "ForkJoinPool-2-worker-2" daemon [_thread_blocked, id=3988, stack(0x0000000030190000,0x0000000030290000)]
  0x00000000222f4800 JavaThread "ForkJoinPool-2-worker-1" daemon [_thread_blocked, id=1204, stack(0x000000002db70000,0x000000002dc70000)]
  0x00000000222f5800 JavaThread "ForkJoinPool.commonPool-worker-6" daemon [_thread_blocked, id=12060, stack(0x0000000030490000,0x0000000030590000)]
  0x00000000222f8800 JavaThread "ForkJoinPool.commonPool-worker-5" daemon [_thread_blocked, id=8380, stack(0x0000000030390000,0x0000000030490000)]
  0x00000000222fc000 JavaThread "ForkJoinPool.commonPool-worker-4" daemon [_thread_blocked, id=9280, stack(0x0000000030290000,0x0000000030390000)]
  0x00000000222fb800 JavaThread "ForkJoinPool.commonPool-worker-2" daemon [_thread_blocked, id=3728, stack(0x0000000030090000,0x0000000030190000)]
  0x00000000222fa000 JavaThread "ForkJoinPool.commonPool-worker-1" daemon [_thread_blocked, id=344, stack(0x000000002ff90000,0x0000000030090000)]
  0x00000000222f9000 JavaThread "Cache worker for Java compile cache (C:\Users\Raman\Documents\AndroidStudio\BikeExchange\.gradle\6.5\javaCompile)" [_thread_blocked, id=12088, stack(0x000000002f890000,0x000000002f990000)]
  0x00000000222fa800 JavaThread "Cache worker for Java compile cache (C:\Users\Raman\.gradle\caches\6.5\javaCompile)" [_thread_blocked, id=3732, stack(0x000000002e070000,0x000000002e170000)]
  0x000000001d8f3000 JavaThread "stdout" [_thread_in_native, id=2008, stack(0x000000002f390000,0x000000002f490000)]
  0x000000001d8f2000 JavaThread "stderr" [_thread_in_native, id=1700, stack(0x000000002f290000,0x000000002f390000)]
  0x000000001d8f1800 JavaThread "stdout" [_thread_in_native, id=2808, stack(0x000000002eee0000,0x000000002efe0000)]
  0x000000001d8ee800 JavaThread "stderr" [_thread_in_native, id=10504, stack(0x000000002ede0000,0x000000002eee0000)]
  0x000000001d8ed000 JavaThread "stdout" [_thread_in_native, id=10248, stack(0x000000002ece0000,0x000000002ede0000)]
  0x000000001d8f0800 JavaThread "stderr" [_thread_in_native, id=9928, stack(0x000000002ebe0000,0x000000002ece0000)]
  0x000000001d8f0000 JavaThread "stdout" [_thread_in_native, id=3412, stack(0x000000002eae0000,0x000000002ebe0000)]
  0x000000001d8ed800 JavaThread "stderr" [_thread_in_native, id=5560, stack(0x000000002e9e0000,0x000000002eae0000)]
  0x000000001d8e4800 JavaThread "stdout" [_thread_in_native, id=8508, stack(0x000000002e770000,0x000000002e870000)]
  0x000000001d8eb800 JavaThread "stderr" [_thread_in_native, id=2036, stack(0x000000002e670000,0x000000002e770000)]
  0x000000001d8ea000 JavaThread "stdout" [_thread_in_native, id=6496, stack(0x000000002e570000,0x000000002e670000)]
  0x000000001d8ea800 JavaThread "stderr" [_thread_in_native, id=6284, stack(0x000000002e470000,0x000000002e570000)]
  0x000000001d8e9000 JavaThread "stdout" [_thread_in_native, id=11252, stack(0x000000002e370000,0x000000002e470000)]
  0x000000001d8e7800 JavaThread "stderr" [_thread_in_native, id=2084, stack(0x000000002e270000,0x000000002e370000)]
  0x000000001d8e7000 JavaThread "pool-2-thread-1" [_thread_blocked, id=10992, stack(0x000000002e170000,0x000000002e270000)]
  0x000000001d394800 JavaThread "WorkerExecutor Queue" [_thread_blocked, id=10264, stack(0x000000002c230000,0x000000002c330000)]
  0x000000001d392000 JavaThread "Cache worker for execution history cache (C:\Users\Raman\Documents\AndroidStudio\BikeExchange\.gradle\6.5\executionHistory)" [_thread_blocked, id=2368, stack(0x000000002d470000,0x000000002d570000)]
  0x000000001d391800 JavaThread "Execution worker for ':' Thread 7" [_thread_blocked, id=1724, stack(0x000000002d370000,0x000000002d470000)]
  0x000000001d389000 JavaThread "Execution worker for ':' Thread 6" [_thread_blocked, id=7240, stack(0x000000002d270000,0x000000002d370000)]
  0x000000001d390000 JavaThread "Execution worker for ':' Thread 5" [_thread_blocked, id=9804, stack(0x000000002d170000,0x000000002d270000)]
  0x000000001d38d000 JavaThread "Execution worker for ':' Thread 4" [_thread_blocked, id=936, stack(0x000000002d070000,0x000000002d170000)]
  0x000000001d38e800 JavaThread "Execution worker for ':' Thread 3" [_thread_blocked, id=2696, stack(0x000000002cf70000,0x000000002d070000)]
  0x000000001d38a800 JavaThread "Execution worker for ':' Thread 2" [_thread_blocked, id=7764, stack(0x000000002ce70000,0x000000002cf70000)]
  0x000000001d38b800 JavaThread "Execution worker for ':'" [_thread_blocked, id=1332, stack(0x000000002c600000,0x000000002c700000)]
  0x000000001d38c000 JavaThread "Cache worker for file content cache (C:\Users\Raman\Documents\AndroidStudio\BikeExchange\.gradle\6.5\fileContent)" [_thread_blocked, id=260, stack(0x000000002c720000,0x000000002c820000)]
  0x000000001d38d800 JavaThread "Memory manager" [_thread_blocked, id=3372, stack(0x000000002b380000,0x000000002b480000)]
  0x0000000023fe1800 JavaThread "pool-1-thread-1" [_thread_blocked, id=6744, stack(0x000000002a1f0000,0x000000002a2f0000)]
  0x0000000023fe1000 JavaThread "Cache worker for Build Output Cleanup Cache (C:\Users\Raman\Documents\AndroidStudio\BikeExchange\.gradle\buildOutputCleanup)" [_thread_blocked, id=5988, stack(0x000000002b530000,0x000000002b630000)]
  0x0000000023fdf800 JavaThread "jar transforms Thread 92" [_thread_blocked, id=8016, stack(0x000000002b280000,0x000000002b380000)]
  0x0000000023fde000 JavaThread "jar transforms Thread 91" [_thread_blocked, id=1284, stack(0x000000002b180000,0x000000002b280000)]
  0x0000000023fe0000 JavaThread "jar transforms Thread 90" [_thread_blocked, id=10356, stack(0x000000002b080000,0x000000002b180000)]
  0x0000000023fe2800 JavaThread "jar transforms Thread 89" [_thread_blocked, id=10324, stack(0x000000002af80000,0x000000002b080000)]
  0x0000000023fde800 JavaThread "jar transforms Thread 88" [_thread_blocked, id=9604, stack(0x000000002ae80000,0x000000002af80000)]
  0x0000000023fdd000 JavaThread "jar transforms Thread 87" [_thread_blocked, id=10572, stack(0x000000002ad80000,0x000000002ae80000)]
  0x0000000023fd5800 JavaThread "jar transforms Thread 86" [_thread_blocked, id=10460, stack(0x000000002ac80000,0x000000002ad80000)]
  0x0000000023fdc800 JavaThread "jar transforms Thread 85" [_thread_blocked, id=7800, stack(0x000000002ab80000,0x000000002ac80000)]
  0x0000000023fdb800 JavaThread "jar transforms Thread 84" [_thread_blocked, id=7272, stack(0x000000002aa80000,0x000000002ab80000)]
  0x0000000023fdb000 JavaThread "jar transforms Thread 83" [_thread_blocked, id=9552, stack(0x000000002a980000,0x000000002aa80000)]
  0x0000000023fda000 JavaThread "jar transforms Thread 82" [_thread_blocked, id=9184, stack(0x000000002a880000,0x000000002a980000)]
  0x0000000023fd8800 JavaThread "jar transforms Thread 81" [_thread_blocked, id=11764, stack(0x000000002a780000,0x000000002a880000)]
  0x0000000023fd5000 JavaThread "jar transforms Thread 80" [_thread_blocked, id=10120, stack(0x000000002a680000,0x000000002a780000)]
  0x0000000023fd4000 JavaThread "jar transforms Thread 79" [_thread_blocked, id=5956, stack(0x000000002a580000,0x000000002a680000)]
  0x0000000023fd9800 JavaThread "jar transforms Thread 78" [_thread_blocked, id=6736, stack(0x000000002a480000,0x000000002a580000)]
  0x0000000023fd3800 JavaThread "jar transforms Thread 77" [_thread_blocked, id=7880, stack(0x000000002a380000,0x000000002a480000)]
  0x0000000023fd8000 JavaThread "jar transforms Thread 76" [_thread_blocked, id=3220, stack(0x0000000025490000,0x0000000025590000)]
  0x0000000023fd7000 JavaThread "jar transforms Thread 75" [_thread_blocked, id=11912, stack(0x000000002a0f0000,0x000000002a1f0000)]
  0x0000000023fd6800 JavaThread "jar transforms Thread 74" [_thread_blocked, id=4724, stack(0x0000000029ff0000,0x000000002a0f0000)]
  0x00000000209a5000 JavaThread "jar transforms Thread 73" [_thread_blocked, id=3868, stack(0x0000000029ef0000,0x0000000029ff0000)]
  0x00000000209a6000 JavaThread "jar transforms Thread 72" [_thread_blocked, id=708, stack(0x0000000029df0000,0x0000000029ef0000)]
  0x00000000209a4800 JavaThread "jar transforms Thread 71" [_thread_blocked, id=10524, stack(0x0000000029cf0000,0x0000000029df0000)]
  0x00000000209a3800 JavaThread "jar transforms Thread 70" [_thread_blocked, id=240, stack(0x0000000029bf0000,0x0000000029cf0000)]
  0x00000000209a3000 JavaThread "jar transforms Thread 69" [_thread_blocked, id=10412, stack(0x0000000029af0000,0x0000000029bf0000)]
  0x00000000209a2000 JavaThread "jar transforms Thread 68" [_thread_blocked, id=1908, stack(0x00000000299f0000,0x0000000029af0000)]
  0x000000002099a800 JavaThread "jar transforms Thread 67" [_thread_blocked, id=980, stack(0x00000000298f0000,0x00000000299f0000)]
  0x000000002099c000 JavaThread "jar transforms Thread 66" [_thread_blocked, id=2372, stack(0x00000000297f0000,0x00000000298f0000)]
  0x00000000209a1800 JavaThread "jar transforms Thread 65" [_thread_blocked, id=2536, stack(0x00000000296f0000,0x00000000297f0000)]
  0x00000000209a0800 JavaThread "jar transforms Thread 64" [_thread_blocked, id=6152, stack(0x00000000295f0000,0x00000000296f0000)]
  0x000000002099b800 JavaThread "jar transforms Thread 63" [_thread_blocked, id=9656, stack(0x00000000294f0000,0x00000000295f0000)]
  0x00000000209a0000 JavaThread "jar transforms Thread 62" [_thread_blocked, id=11536, stack(0x00000000293f0000,0x00000000294f0000)]
  0x000000002099f000 JavaThread "jar transforms Thread 61" [_thread_blocked, id=11236, stack(0x00000000292f0000,0x00000000293f0000)]
  0x0000000020997800 JavaThread "jar transforms Thread 60" [_thread_blocked, id=9868, stack(0x00000000291f0000,0x00000000292f0000)]
  0x000000002099e800 JavaThread "jar transforms Thread 59" [_thread_blocked, id=9628, stack(0x00000000290f0000,0x00000000291f0000)]
  0x000000002099a000 JavaThread "jar transforms Thread 58" [_thread_blocked, id=8632, stack(0x0000000028ff0000,0x00000000290f0000)]
  0x0000000020997000 JavaThread "jar transforms Thread 57" [_thread_blocked, id=976, stack(0x0000000028ef0000,0x0000000028ff0000)]
  0x0000000020998800 JavaThread "jar transforms Thread 56" [_thread_blocked, id=9888, stack(0x0000000028df0000,0x0000000028ef0000)]
  0x000000002099d800 JavaThread "jar transforms Thread 55" [_thread_blocked, id=7192, stack(0x0000000028cf0000,0x0000000028df0000)]
  0x0000000020999000 JavaThread "jar transforms Thread 54" [_thread_blocked, id=9996, stack(0x0000000028bf0000,0x0000000028cf0000)]
  0x000000002099d000 JavaThread "jar transforms Thread 53" [_thread_blocked, id=11072, stack(0x0000000028af0000,0x0000000028bf0000)]
  0x0000000022969800 JavaThread "jar transforms Thread 52" [_thread_blocked, id=11920, stack(0x00000000289f0000,0x0000000028af0000)]
  0x0000000022968800 JavaThread "jar transforms Thread 51" [_thread_blocked, id=11012, stack(0x00000000288f0000,0x00000000289f0000)]
  0x0000000022968000 JavaThread "jar transforms Thread 50" [_thread_blocked, id=10656, stack(0x00000000287f0000,0x00000000288f0000)]
  0x0000000022960800 JavaThread "jar transforms Thread 49" [_thread_blocked, id=11164, stack(0x00000000286f0000,0x00000000287f0000)]
  0x0000000022962800 JavaThread "jar transforms Thread 48" [_thread_blocked, id=776, stack(0x00000000285f0000,0x00000000286f0000)]
  0x0000000022966800 JavaThread "jar transforms Thread 47" [_thread_blocked, id=9624, stack(0x00000000284f0000,0x00000000285f0000)]
  0x0000000022965800 JavaThread "jar transforms Thread 46" [_thread_blocked, id=4136, stack(0x00000000283f0000,0x00000000284f0000)]
  0x0000000022961000 JavaThread "jar transforms Thread 45" [_thread_blocked, id=1132, stack(0x00000000282f0000,0x00000000283f0000)]
  0x0000000022967000 JavaThread "jar transforms Thread 44" [_thread_blocked, id=560, stack(0x00000000281f0000,0x00000000282f0000)]
  0x0000000022964000 JavaThread "jar transforms Thread 43" [_thread_blocked, id=1300, stack(0x00000000280f0000,0x00000000281f0000)]
  0x0000000022965000 JavaThread "jar transforms Thread 42" [_thread_blocked, id=8092, stack(0x0000000027ff0000,0x00000000280f0000)]
  0x0000000022963800 JavaThread "jar transforms Thread 41" [_thread_blocked, id=10352, stack(0x0000000027ef0000,0x0000000027ff0000)]
  0x0000000022962000 JavaThread "jar transforms Thread 40" [_thread_blocked, id=3876, stack(0x0000000027df0000,0x0000000027ef0000)]
  0x000000002295a800 JavaThread "jar transforms Thread 39" [_thread_blocked, id=10388, stack(0x0000000027cf0000,0x0000000027df0000)]
  0x000000002295c000 JavaThread "jar transforms Thread 38" [_thread_blocked, id=11496, stack(0x0000000027bf0000,0x0000000027cf0000)]
  0x000000002295b000 JavaThread "jar transforms Thread 37" [_thread_blocked, id=1684, stack(0x0000000027af0000,0x0000000027bf0000)]
  0x000000002295f000 JavaThread "jar transforms Thread 36" [_thread_blocked, id=6732, stack(0x00000000279f0000,0x0000000027af0000)]
  0x000000002295e000 JavaThread "jar transforms Thread 35" [_thread_blocked, id=4400, stack(0x00000000278f0000,0x00000000279f0000)]
  0x000000002295c800 JavaThread "jar transforms Thread 34" [_thread_blocked, id=9608, stack(0x00000000277f0000,0x00000000278f0000)]
  0x000000002295f800 JavaThread "jar transforms Thread 33" [_thread_blocked, id=10896, stack(0x00000000276f0000,0x00000000277f0000)]
  0x000000002295d800 JavaThread "jar transforms Thread 32" [_thread_blocked, id=10812, stack(0x00000000275f0000,0x00000000276f0000)]
  0x00000000228d4000 JavaThread "jar transforms Thread 31" [_thread_blocked, id=11392, stack(0x00000000274f0000,0x00000000275f0000)]
  0x00000000228d7000 JavaThread "jar transforms Thread 30" [_thread_blocked, id=4356, stack(0x00000000273f0000,0x00000000274f0000)]
  0x00000000228d3000 JavaThread "jar transforms Thread 29" [_thread_blocked, id=11720, stack(0x00000000272f0000,0x00000000273f0000)]
  0x00000000228d2800 JavaThread "jar transforms Thread 28" [_thread_blocked, id=8968, stack(0x00000000271f0000,0x00000000272f0000)]
  0x00000000228d7800 JavaThread "jar transforms Thread 27" [_thread_blocked, id=7080, stack(0x00000000270f0000,0x00000000271f0000)]
  0x00000000228d4800 JavaThread "jar transforms Thread 26" [_thread_blocked, id=8992, stack(0x0000000026ff0000,0x00000000270f0000)]
  0x00000000228d1800 JavaThread "jar transforms Thread 25" [_thread_blocked, id=11136, stack(0x0000000026ef0000,0x0000000026ff0000)]
  0x00000000228d6000 JavaThread "jar transforms Thread 24" [_thread_blocked, id=4852, stack(0x0000000026df0000,0x0000000026ef0000)]
  0x00000000228d5800 JavaThread "jar transforms Thread 23" [_thread_blocked, id=10732, stack(0x0000000026cf0000,0x0000000026df0000)]
  0x00000000228ca000 JavaThread "jar transforms Thread 22" [_thread_blocked, id=11900, stack(0x0000000026bf0000,0x0000000026cf0000)]
  0x00000000228cf800 JavaThread "jar transforms Thread 21" [_thread_blocked, id=7368, stack(0x0000000026af0000,0x0000000026bf0000)]
  0x00000000228d1000 JavaThread "jar transforms Thread 20" [_thread_blocked, id=2648, stack(0x00000000269f0000,0x0000000026af0000)]
  0x00000000228c9800 JavaThread "jar transforms Thread 19" [_thread_blocked, id=8836, stack(0x00000000268f0000,0x00000000269f0000)]
  0x00000000228d0000 JavaThread "jar transforms Thread 18" [_thread_blocked, id=1900, stack(0x00000000267f0000,0x00000000268f0000)]
  0x00000000228c8800 JavaThread "jar transforms Thread 17" [_thread_blocked, id=8168, stack(0x00000000266f0000,0x00000000267f0000)]
  0x00000000228cd000 JavaThread "jar transforms Thread 16" [_thread_blocked, id=6944, stack(0x00000000265f0000,0x00000000266f0000)]
  0x00000000228ce800 JavaThread "jar transforms Thread 15" [_thread_blocked, id=5676, stack(0x00000000264f0000,0x00000000265f0000)]
  0x00000000228cc800 JavaThread "jar transforms Thread 14" [_thread_blocked, id=9444, stack(0x00000000263f0000,0x00000000264f0000)]
  0x00000000228cb800 JavaThread "jar transforms Thread 13" [_thread_blocked, id=1336, stack(0x00000000262f0000,0x00000000263f0000)]
  0x00000000228cb000 JavaThread "jar transforms Thread 12" [_thread_blocked, id=9220, stack(0x00000000261f0000,0x00000000262f0000)]
  0x00000000228ce000 JavaThread "jar transforms Thread 11" [_thread_blocked, id=3312, stack(0x00000000260f0000,0x00000000261f0000)]
  0x000000001bf09800 JavaThread "jar transforms Thread 10" [_thread_blocked, id=4776, stack(0x0000000025ff0000,0x00000000260f0000)]
  0x000000001bf08800 JavaThread "jar transforms Thread 9" [_thread_blocked, id=9276, stack(0x0000000025ef0000,0x0000000025ff0000)]
  0x000000001bf08000 JavaThread "jar transforms Thread 8" [_thread_blocked, id=3104, stack(0x0000000025df0000,0x0000000025ef0000)]
  0x000000001bf0b800 JavaThread "jar transforms Thread 7" [_thread_blocked, id=7124, stack(0x0000000025cf0000,0x0000000025df0000)]
  0x000000001bf07000 JavaThread "jar transforms Thread 6" [_thread_blocked, id=2628, stack(0x0000000025bf0000,0x0000000025cf0000)]
  0x000000001bf0c800 JavaThread "jar transforms Thread 5" [_thread_blocked, id=4804, stack(0x0000000025af0000,0x0000000025bf0000)]
  0x000000001bf0b000 JavaThread "jar transforms Thread 4" [_thread_blocked, id=11140, stack(0x00000000259f0000,0x0000000025af0000)]
  0x000000001bf0a000 JavaThread "jar transforms Thread 3" [_thread_blocked, id=3632, stack(0x00000000258f0000,0x00000000259f0000)]
  0x000000001bf02800 JavaThread "jar transforms Thread 2" [_thread_blocked, id=5580, stack(0x00000000257f0000,0x00000000258f0000)]
  0x000000001bf06800 JavaThread "Build operations Thread 8" [_thread_blocked, id=1824, stack(0x0000000025290000,0x0000000025390000)]
  0x000000001bf05000 JavaThread "Build operations Thread 7" [_thread_blocked, id=11792, stack(0x0000000025190000,0x0000000025290000)]
  0x000000001bf05800 JavaThread "Build operations Thread 6" [_thread_blocked, id=2928, stack(0x0000000025090000,0x0000000025190000)]
  0x000000001befd800 JavaThread "Build operations Thread 5" [_thread_blocked, id=8292, stack(0x0000000024f90000,0x0000000025090000)]
  0x000000001bf02000 JavaThread "Build operations Thread 4" [_thread_blocked, id=4160, stack(0x0000000024e90000,0x0000000024f90000)]
  0x000000001bf01000 JavaThread "Build operations Thread 3" [_thread_blocked, id=6716, stack(0x0000000024d90000,0x0000000024e90000)]
  0x000000001beff800 JavaThread "Build operations Thread 2" [_thread_blocked, id=5568, stack(0x0000000024c90000,0x0000000024d90000)]
  0x000000001bf04000 JavaThread "Build operations" [_thread_blocked, id=8220, stack(0x0000000024b90000,0x0000000024c90000)]
  0x000000001d072800 JavaThread "Cache worker for file content cache (C:\Users\Raman\.gradle\caches\6.5\fileContent)" [_thread_blocked, id=3864, stack(0x00000000234c0000,0x00000000235c0000)]
  0x000000001d070000 JavaThread "jar transforms" [_thread_blocked, id=1892, stack(0x00000000233c0000,0x00000000234c0000)]
  0x000000001d06e800 JavaThread "Cache worker for execution history cache (C:\Users\Raman\.gradle\caches\6.5\executionHistory)" [_thread_blocked, id=3600, stack(0x0000000022cc0000,0x0000000022dc0000)]
  0x000000001d071800 JavaThread "Cache worker for cache directory md-rule (C:\Users\Raman\.gradle\caches\6.5\md-rule)" [_thread_blocked, id=9796, stack(0x0000000022bc0000,0x0000000022cc0000)]
  0x000000001d06e000 JavaThread "Cache worker for cache directory md-supplier (C:\Users\Raman\.gradle\caches\6.5\md-supplier)" [_thread_blocked, id=148, stack(0x0000000021530000,0x0000000021630000)]
  0x000000001d06d000 JavaThread "Cache worker for checksums cache (C:\Users\Raman\Documents\AndroidStudio\BikeExchange\.gradle\checksums)" [_thread_blocked, id=9912, stack(0x0000000021430000,0x0000000021530000)]
  0x000000001d071000 JavaThread "Cache worker for file hash cache (C:\Users\Raman\Documents\AndroidStudio\BikeExchange\.gradle\6.5\fileHashes)" [_thread_blocked, id=1100, stack(0x00000000216e0000,0x00000000217e0000)]
  0x000000001d06c800 JavaThread "Cache worker for file hash cache (C:\Users\Raman\.gradle\caches\6.5\fileHashes)" [_thread_blocked, id=10068, stack(0x000000001f190000,0x000000001f290000)]
  0x000000001d06f800 JavaThread "File lock request listener" [_thread_in_native, id=8160, stack(0x000000001f090000,0x000000001f190000)]
  0x000000001cc36000 JavaThread "Cache worker for journal cache (C:\Users\Raman\.gradle\caches\journal-1)" [_thread_blocked, id=10476, stack(0x000000001ef90000,0x000000001f090000)]
  0x000000001cc74000 JavaThread "Thread-9" [_thread_blocked, id=7416, stack(0x000000001ec90000,0x000000001ed90000)]
  0x000000001cc2d000 JavaThread "Stdin handler" [_thread_blocked, id=5224, stack(0x000000001eb90000,0x000000001ec90000)]
  0x000000001cc2a000 JavaThread "Asynchronous log dispatcher for DefaultDaemonConnection: socket connection from /127.0.0.1:5424 to /127.0.0.1:5425" [_thread_blocked, id=1712, stack(0x000000001ea90000,0x000000001eb90000)]
  0x000000001cc34000 JavaThread "Daemon worker" [_thread_blocked, id=8536, stack(0x000000001e990000,0x000000001ea90000)]
  0x000000001cc80000 JavaThread "Cancel handler" [_thread_blocked, id=1236, stack(0x000000001e890000,0x000000001e990000)]
  0x000000001cc08800 JavaThread "Handler for socket connection from /127.0.0.1:5424 to /127.0.0.1:5425" [_thread_in_native, id=4584, stack(0x000000001e590000,0x000000001e690000)]
  0x000000001cc01800 JavaThread "Daemon" [_thread_blocked, id=6692, stack(0x000000001e490000,0x000000001e590000)]
  0x000000001cbf8000 JavaThread "Daemon periodic checks" [_thread_blocked, id=9640, stack(0x000000001e390000,0x000000001e490000)]
  0x000000001cba9000 JavaThread "Incoming local TCP Connector on port 5424" [_thread_in_native, id=5036, stack(0x000000001e140000,0x000000001e240000)]
  0x000000001cb32800 JavaThread "Daemon health stats" [_thread_blocked, id=4024, stack(0x000000001db00000,0x000000001dc00000)]
  0x000000001a31a800 JavaThread "Service Thread" daemon [_thread_blocked, id=7376, stack(0x000000001af60000,0x000000001b060000)]
=>0x000000001a293800 JavaThread "C1 CompilerThread3" daemon [_thread_in_native, id=3408, stack(0x000000001ae60000,0x000000001af60000)]
  0x000000001846e800 JavaThread "C2 CompilerThread2" daemon [_thread_in_native, id=7428, stack(0x000000001ad60000,0x000000001ae60000)]
  0x000000001846c000 JavaThread "C2 CompilerThread1" daemon [_thread_in_native, id=6004, stack(0x000000001ac60000,0x000000001ad60000)]
  0x000000001a282000 JavaThread "C2 CompilerThread0" daemon [_thread_in_native, id=10808, stack(0x000000001ab60000,0x000000001ac60000)]
  0x000000001a281000 JavaThread "Attach Listener" daemon [_thread_blocked, id=3164, stack(0x000000001aa60000,0x000000001ab60000)]
  0x000000001a280000 JavaThread "Signal Dispatcher" daemon [_thread_blocked, id=11772, stack(0x000000001a960000,0x000000001aa60000)]
  0x000000001a271000 JavaThread "Finalizer" daemon [_thread_blocked, id=6808, stack(0x000000001a750000,0x000000001a850000)]
  0x00000000033e7000 JavaThread "Reference Handler" daemon [_thread_blocked, id=5960, stack(0x000000001a650000,0x000000001a750000)]
  0x00000000032ee800 JavaThread "main" [_thread_blocked, id=5164, stack(0x0000000003190000,0x0000000003290000)]

Other Threads:
  0x0000000018456800 VMThread [stack: 0x000000001a150000,0x000000001a250000] [id=1548]
  0x000000001a31b800 WatcherThread [stack: 0x000000001b060000,0x000000001b160000] [id=8608]

VM state:not at safepoint (normal execution)

VM Mutex/Monitor currently owned by a thread: None

heap address: 0x0000000080000000, size: 2048 MB, Compressed Oops mode: 32-bit
Narrow klass base: 0x0000000000000000, Narrow klass shift: 3
Compressed class space size: 1073741824 Address: 0x0000000100000000

Heap:
 PSYoungGen      total 355328K, used 106170K [0x00000000d5580000, 0x00000000f1600000, 0x0000000100000000)
  eden space 319488K, 22% used [0x00000000d5580000,0x00000000d9a34778,0x00000000e8d80000)
  from space 35840K, 99% used [0x00000000ec500000,0x00000000ee7fa250,0x00000000ee800000)
  to   space 56832K, 0% used [0x00000000e8d80000,0x00000000e8d80000,0x00000000ec500000)
 ParOldGen       total 189440K, used 114309K [0x0000000080000000, 0x000000008b900000, 0x00000000d5580000)
  object space 189440K, 60% used [0x0000000080000000,0x0000000086fa15f0,0x000000008b900000)
 Metaspace       used 88036K, capacity 93246K, committed 93464K, reserved 1130496K
  class space    used 12058K, capacity 13079K, committed 13104K, reserved 1048576K

Card table byte_map: [0x00000000127b0000,0x0000000012bc0000] byte_map_base: 0x00000000123b0000

Marking Bits: (ParMarkBitMap*) 0x000000006d04f030
 Begin Bits: [0x0000000013670000, 0x0000000015670000)
 End Bits:   [0x0000000015670000, 0x0000000017670000)

Polling page: 0x0000000003100000

CodeCache: size=245760Kb used=38558Kb max_used=38581Kb free=207201Kb
 bounds [0x00000000033f0000, 0x00000000059d0000, 0x00000000123f0000]
 total_blobs=12750 nmethods=11885 adapters=776
 compilation: enabled

Compilation events (10 events):
Event: 35.528 Thread 0x000000001a293800 nmethod 14369 0x00000000059be2d0 code [0x00000000059be420, 0x00000000059be530]
Event: 35.539 Thread 0x000000001a293800 14370       2       com.android.tools.r8.code.K0::a (27 bytes)
Event: 35.539 Thread 0x000000001a293800 nmethod 14370 0x00000000059be590 code [0x00000000059be700, 0x00000000059be928]
Event: 35.539 Thread 0x000000001a293800 14371       1       com.android.tools.r8.code.f2::o (2 bytes)
Event: 35.539 Thread 0x000000001a293800 nmethod 14371 0x00000000059bea50 code [0x00000000059beba0, 0x00000000059becb0]
Event: 35.540 Thread 0x000000001a293800 14372       1       com.android.tools.r8.code.c1::o (3 bytes)
Event: 35.540 Thread 0x000000001a293800 nmethod 14372 0x00000000059bed10 code [0x00000000059bee60, 0x00000000059bef70]
Event: 35.544 Thread 0x000000001a293800 14373       1       com.android.tools.r8.code.i2::o (3 bytes)
Event: 35.544 Thread 0x000000001a293800 nmethod 14373 0x00000000059befd0 code [0x00000000059bf120, 0x00000000059bf230]
Event: 35.545 Thread 0x000000001a293800 14374       2       com.android.tools.r8.utils.s0::a (97 bytes)

GC Heap History (10 events):
Event: 14.479 GC heap before
{Heap before GC invocations=13 (full 3):
 PSYoungGen      total 249344K, used 10249K [0x00000000d5580000, 0x00000000e7f00000, 0x0000000100000000)
  eden space 230912K, 0% used [0x00000000d5580000,0x00000000d5580000,0x00000000e3700000)
  from space 18432K, 55% used [0x00000000e4880000,0x00000000e52825f0,0x00000000e5a80000)
  to   space 17920K, 0% used [0x00000000e3700000,0x00000000e3700000,0x00000000e4880000)
 ParOldGen       total 130048K, used 33123K [0x0000000080000000, 0x0000000087f00000, 0x00000000d5580000)
  object space 130048K, 25% used [0x0000000080000000,0x0000000082058ee8,0x0000000087f00000)
 Metaspace       used 56780K, capacity 59078K, committed 59160K, reserved 1099776K
  class space    used 7772K, capacity 8240K, committed 8240K, reserved 1048576K
Event: 14.868 GC heap after
Heap after GC invocations=13 (full 3):
 PSYoungGen      total 249344K, used 0K [0x00000000d5580000, 0x00000000e7f00000, 0x0000000100000000)
  eden space 230912K, 0% used [0x00000000d5580000,0x00000000d5580000,0x00000000e3700000)
  from space 18432K, 0% used [0x00000000e4880000,0x00000000e4880000,0x00000000e5a80000)
  to   space 17920K, 0% used [0x00000000e3700000,0x00000000e3700000,0x00000000e4880000)
 ParOldGen       total 189440K, used 29808K [0x0000000080000000, 0x000000008b900000, 0x00000000d5580000)
  object space 189440K, 15% used [0x0000000080000000,0x0000000081d1c1a0,0x000000008b900000)
 Metaspace       used 56763K, capacity 59018K, committed 59160K, reserved 1099776K
  class space    used 7766K, capacity 8230K, committed 8240K, reserved 1048576K
}
Event: 19.558 GC heap before
{Heap before GC invocations=14 (full 3):
 PSYoungGen      total 249344K, used 230912K [0x00000000d5580000, 0x00000000e7f00000, 0x0000000100000000)
  eden space 230912K, 100% used [0x00000000d5580000,0x00000000e3700000,0x00000000e3700000)
  from space 18432K, 0% used [0x00000000e4880000,0x00000000e4880000,0x00000000e5a80000)
  to   space 17920K, 0% used [0x00000000e3700000,0x00000000e3700000,0x00000000e4880000)
 ParOldGen       total 189440K, used 29808K [0x0000000080000000, 0x000000008b900000, 0x00000000d5580000)
  object space 189440K, 15% used [0x0000000080000000,0x0000000081d1c1a0,0x000000008b900000)
 Metaspace       used 64826K, capacity 67800K, committed 67864K, reserved 1107968K
  class space    used 8933K, capacity 9511K, committed 9520K, reserved 1048576K
Event: 19.597 GC heap after
Heap after GC invocations=14 (full 3):
 PSYoungGen      total 248832K, used 17889K [0x00000000d5580000, 0x00000000ea200000, 0x0000000100000000)
  eden space 230912K, 0% used [0x00000000d5580000,0x00000000d5580000,0x00000000e3700000)
  from space 17920K, 99% used [0x00000000e3700000,0x00000000e48784e0,0x00000000e4880000)
  to   space 26624K, 0% used [0x00000000e8800000,0x00000000e8800000,0x00000000ea200000)
 ParOldGen       total 189440K, used 48839K [0x0000000080000000, 0x000000008b900000, 0x00000000d5580000)
  object space 189440K, 25% used [0x0000000080000000,0x0000000082fb1f78,0x000000008b900000)
 Metaspace       used 64826K, capacity 67800K, committed 67864K, reserved 1107968K
  class space    used 8933K, capacity 9511K, committed 9520K, reserved 1048576K
}
Event: 25.959 GC heap before
{Heap before GC invocations=15 (full 3):
 PSYoungGen      total 248832K, used 248786K [0x00000000d5580000, 0x00000000ea200000, 0x0000000100000000)
  eden space 230912K, 99% used [0x00000000d5580000,0x00000000e36fc5e0,0x00000000e3700000)
  from space 17920K, 99% used [0x00000000e3700000,0x00000000e48784e0,0x00000000e4880000)
  to   space 26624K, 0% used [0x00000000e8800000,0x00000000e8800000,0x00000000ea200000)
 ParOldGen       total 189440K, used 48839K [0x0000000080000000, 0x000000008b900000, 0x00000000d5580000)
  object space 189440K, 25% used [0x0000000080000000,0x0000000082fb1f78,0x000000008b900000)
 Metaspace       used 70809K, capacity 74208K, committed 74264K, reserved 1114112K
  class space    used 9627K, capacity 10275K, committed 10288K, reserved 1048576K
Event: 25.998 GC heap after
Heap after GC invocations=15 (full 3):
 PSYoungGen      total 303616K, used 19784K [0x00000000d5580000, 0x00000000e9e80000, 0x0000000100000000)
  eden space 280576K, 0% used [0x00000000d5580000,0x00000000d5580000,0x00000000e6780000)
  from space 23040K, 85% used [0x00000000e8800000,0x00000000e9b52210,0x00000000e9e80000)
  to   space 28160K, 0% used [0x00000000e6780000,0x00000000e6780000,0x00000000e8300000)
 ParOldGen       total 189440K, used 60759K [0x0000000080000000, 0x000000008b900000, 0x00000000d5580000)
  object space 189440K, 32% used [0x0000000080000000,0x0000000083b55ee0,0x000000008b900000)
 Metaspace       used 70809K, capacity 74208K, committed 74264K, reserved 1114112K
  class space    used 9627K, capacity 10275K, committed 10288K, reserved 1048576K
}
Event: 29.405 GC heap before
{Heap before GC invocations=16 (full 3):
 PSYoungGen      total 303616K, used 300360K [0x00000000d5580000, 0x00000000e9e80000, 0x0000000100000000)
  eden space 280576K, 100% used [0x00000000d5580000,0x00000000e6780000,0x00000000e6780000)
  from space 23040K, 85% used [0x00000000e8800000,0x00000000e9b52210,0x00000000e9e80000)
  to   space 28160K, 0% used [0x00000000e6780000,0x00000000e6780000,0x00000000e8300000)
 ParOldGen       total 189440K, used 60759K [0x0000000080000000, 0x000000008b900000, 0x00000000d5580000)
  object space 189440K, 32% used [0x0000000080000000,0x0000000083b55ee0,0x000000008b900000)
 Metaspace       used 77578K, capacity 81130K, committed 81304K, reserved 1120256K
  class space    used 10456K, capacity 11099K, committed 11184K, reserved 1048576K
Event: 29.462 GC heap after
Heap after GC invocations=16 (full 3):
 PSYoungGen      total 308736K, used 28138K [0x00000000d5580000, 0x00000000ee800000, 0x0000000100000000)
  eden space 280576K, 0% used [0x00000000d5580000,0x00000000d5580000,0x00000000e6780000)
  from space 28160K, 99% used [0x00000000e6780000,0x00000000e82faa18,0x00000000e8300000)
  to   space 35840K, 0% used [0x00000000ec500000,0x00000000ec500000,0x00000000ee800000)
 ParOldGen       total 189440K, used 71111K [0x0000000080000000, 0x000000008b900000, 0x00000000d5580000)
  object space 189440K, 37% used [0x0000000080000000,0x0000000084571c28,0x000000008b900000)
 Metaspace       used 77578K, capacity 81130K, committed 81304K, reserved 1120256K
  class space    used 10456K, capacity 11099K, committed 11184K, reserved 1048576K
}
Event: 34.796 GC heap before
{Heap before GC invocations=17 (full 3):
 PSYoungGen      total 308736K, used 308714K [0x00000000d5580000, 0x00000000ee800000, 0x0000000100000000)
  eden space 280576K, 100% used [0x00000000d5580000,0x00000000e6780000,0x00000000e6780000)
  from space 28160K, 99% used [0x00000000e6780000,0x00000000e82faa18,0x00000000e8300000)
  to   space 35840K, 0% used [0x00000000ec500000,0x00000000ec500000,0x00000000ee800000)
 ParOldGen       total 189440K, used 71111K [0x0000000080000000, 0x000000008b900000, 0x00000000d5580000)
  object space 189440K, 37% used [0x0000000080000000,0x0000000084571c28,0x000000008b900000)
 Metaspace       used 87920K, capacity 93118K, committed 93208K, reserved 1130496K
  class space    used 12058K, capacity 13079K, committed 13104K, reserved 1048576K
Event: 34.946 GC heap after
Heap after GC invocations=17 (full 3):
 PSYoungGen      total 355328K, used 35816K [0x00000000d5580000, 0x00000000f1600000, 0x0000000100000000)
  eden space 319488K, 0% used [0x00000000d5580000,0x00000000d5580000,0x00000000e8d80000)
  from space 35840K, 99% used [0x00000000ec500000,0x00000000ee7fa250,0x00000000ee800000)
  to   space 56832K, 0% used [0x00000000e8d80000,0x00000000e8d80000,0x00000000ec500000)
 ParOldGen       total 189440K, used 114309K [0x0000000080000000, 0x000000008b900000, 0x00000000d5580000)
  object space 189440K, 60% used [0x0000000080000000,0x0000000086fa15f0,0x000000008b900000)
 Metaspace       used 87920K, capacity 93118K, committed 93208K, reserved 1130496K
  class space    used 12058K, capacity 13079K, committed 13104K, reserved 1048576K
}

Deoptimization events (10 events):
Event: 33.631 Thread 0x000000001d394800 Uncommon trap: reason=uninitialized action=reinterpret pc=0x00000000055c8d18 method=com.android.tools.r8.graph.l0.a(Lcom/android/tools/r8/graph/j0;)Lcom/android/tools/r8/graph/l0; @ 127
Event: 33.631 Thread 0x000000001d394800 Uncommon trap: reason=uninitialized action=reinterpret pc=0x0000000005614520 method=com.android.tools.r8.graph.l0.a(Lcom/android/tools/r8/graph/j0;)Lcom/android/tools/r8/graph/l0; @ 127
Event: 34.209 Thread 0x000000001d394800 Uncommon trap: reason=array_check action=maybe_recompile pc=0x00000000048c6f08 method=java.util.TimSort.binarySort([Ljava/lang/Object;IIILjava/util/Comparator;)V @ 215
Event: 34.209 Thread 0x000000001d394800 Uncommon trap: reason=array_check action=maybe_recompile pc=0x00000000048c6f08 method=java.util.TimSort.binarySort([Ljava/lang/Object;IIILjava/util/Comparator;)V @ 215
Event: 34.716 Thread 0x0000000022303800 Uncommon trap: reason=null_check action=make_not_entrant pc=0x0000000004a7bf8c method=com.android.tools.r8.graph.i0.computeEquals(Ljava/lang/Object;)Z @ 1
Event: 34.716 Thread 0x0000000022303800 Uncommon trap: reason=unstable_if action=reinterpret pc=0x0000000003eb2168 method=java.util.Arrays.equals([Ljava/lang/Object;[Ljava/lang/Object;)Z @ 47
Event: 34.946 Thread 0x00000000033e7000 Uncommon trap: reason=unstable_if action=reinterpret pc=0x0000000003635c38 method=java.lang.ref.Reference.tryHandlePending(Z)Z @ 20
Event: 35.058 Thread 0x0000000022303800 Uncommon trap: reason=unstable_if action=reinterpret pc=0x000000000583959c method=com.android.tools.r8.utils.q1.a()Z @ 4
Event: 35.228 Thread 0x0000000022303800 Uncommon trap: reason=unstable_if action=reinterpret pc=0x0000000003e8c87c method=java.util.TimSort.mergeHi(IIII)V @ 529
Event: 35.239 Thread 0x0000000022303800 Uncommon trap: reason=unstable_if action=reinterpret pc=0x0000000004b285b8 method=java.util.TimSort.mergeLo(IIII)V @ 487

Classes redefined (0 events):
No events

Internal exceptions (10 events):
Event: 31.249 Thread 0x000000001d396800 Exception <a 'sun/nio/fs/WindowsException'> (0x00000000dc37f1a0) thrown at [C:\src\AOSP-openjdk-git\hotspot\src\share\vm\prims\jni.cpp, line 710]
Event: 31.510 Thread 0x000000001d396800 Exception <a 'sun/nio/fs/WindowsException'> (0x00000000dc38fab8) thrown at [C:\src\AOSP-openjdk-git\hotspot\src\share\vm\prims\jni.cpp, line 710]
Event: 31.686 Thread 0x000000001d396800 Exception <a 'sun/nio/fs/WindowsException'> (0x00000000dc396690) thrown at [C:\src\AOSP-openjdk-git\hotspot\src\share\vm\prims\jni.cpp, line 710]
Event: 31.842 Thread 0x000000001d396800 Exception <a 'sun/nio/fs/WindowsException'> (0x00000000dc39ceb0) thrown at [C:\src\AOSP-openjdk-git\hotspot\src\share\vm\prims\jni.cpp, line 710]
Event: 32.067 Thread 0x000000001d389000 Exception <a 'java/lang/NoSuchMethodError': <clinit>> (0x00000000d5a3a658) thrown at [C:\src\AOSP-openjdk-git\hotspot\src\share\vm\prims\jni.cpp, line 1615]
Event: 32.164 Thread 0x000000001d394800 Exception <a 'sun/nio/fs/WindowsException'> (0x00000000ddde6778) thrown at [C:\src\AOSP-openjdk-git\hotspot\src\share\vm\prims\jni.cpp, line 710]
Event: 32.609 Thread 0x0000000022300800 Implicit null exception at 0x0000000003c663ef to 0x0000000003c664e1
Event: 32.609 Thread 0x00000000222ff000 Implicit null exception at 0x0000000003c663ef to 0x0000000003c664e1
Event: 33.620 Thread 0x000000001d394800 Implicit null exception at 0x0000000004f4efaa to 0x0000000004f4f909
Event: 34.716 Thread 0x0000000022303800 Implicit null exception at 0x0000000004a7be0f to 0x0000000004a7bf7d

Events (10 events):
Event: 35.239 Thread 0x0000000022303800 Uncommon trap: trap_request=0xffffff65 fr.pc=0x0000000004b285b8
Event: 35.239 Thread 0x0000000022303800 DEOPT PACKING pc=0x0000000004b285b8 sp=0x0000000033fdea30
Event: 35.239 Thread 0x0000000022303800 DEOPT UNPACKING pc=0x000000000343557b sp=0x0000000033fdea30 mode 2
Event: 35.247 Thread 0x0000000022303800 DEOPT PACKING pc=0x00000000058f60be sp=0x0000000033fdea30
Event: 35.247 Thread 0x0000000022303800 DEOPT UNPACKING pc=0x00000000034375d0 sp=0x0000000033fde7a0 mode 0
Event: 35.270 Executing VM operation: RevokeBias
Event: 35.271 Executing VM operation: RevokeBias done
Event: 35.271 Thread 0x00000000222fd000 Thread exited: 0x00000000222fd000
Event: 35.273 Thread 0x0000000022303800 DEOPT PACKING pc=0x00000000058efc86 sp=0x0000000033fdea20
Event: 35.273 Thread 0x0000000022303800 DEOPT UNPACKING pc=0x00000000034375d0 sp=0x0000000033fde798 mode 0


Dynamic libraries:
0x00007ff669e10000 - 0x00007ff669e41000 	C:\Program Files\Android\Android Studio\jre\bin\java.exe
0x00007ffc17130000 - 0x00007ffc17325000 	C:\WINDOWS\SYSTEM32\ntdll.dll
0x00007ffc16de0000 - 0x00007ffc16e9d000 	C:\WINDOWS\System32\KERNEL32.DLL
0x00007ffc14870000 - 0x00007ffc14b38000 	C:\WINDOWS\System32\KERNELBASE.dll
0x00007ffc16b30000 - 0x00007ffc16bdc000 	C:\WINDOWS\System32\ADVAPI32.dll
0x00007ffc15410000 - 0x00007ffc154ae000 	C:\WINDOWS\System32\msvcrt.dll
0x00007ffc15370000 - 0x00007ffc1540b000 	C:\WINDOWS\System32\sechost.dll
0x00007ffc15d10000 - 0x00007ffc15e3b000 	C:\WINDOWS\System32\RPCRT4.dll
0x00007ffc16ea0000 - 0x00007ffc17040000 	C:\WINDOWS\System32\USER32.dll
0x00007ffc15160000 - 0x00007ffc15182000 	C:\WINDOWS\System32\win32u.dll
0x00007ffc15270000 - 0x00007ffc1529a000 	C:\WINDOWS\System32\GDI32.dll
0x00007ffc14e70000 - 0x00007ffc14f7b000 	C:\WINDOWS\System32\gdi32full.dll
0x00007ffc14b40000 - 0x00007ffc14bdd000 	C:\WINDOWS\System32\msvcp_win.dll
0x00007ffc14d40000 - 0x00007ffc14e40000 	C:\WINDOWS\System32\ucrtbase.dll
0x00007ffc02cb0000 - 0x00007ffc02f4a000 	C:\WINDOWS\WinSxS\amd64_microsoft.windows.common-controls_6595b64144ccf1df_6.0.19041.844_none_ca00b6081b84eb1d\COMCTL32.dll
0x00007ffc15ce0000 - 0x00007ffc15d10000 	C:\WINDOWS\System32\IMM32.DLL
0x000000006c7a0000 - 0x000000006c872000 	C:\Program Files\Android\Android Studio\jre\jre\bin\msvcr100.dll
0x000000006c880000 - 0x000000006d0cb000 	C:\Program Files\Android\Android Studio\jre\jre\bin\server\jvm.dll
0x00007ffc16cb0000 - 0x00007ffc16cb8000 	C:\WINDOWS\System32\PSAPI.DLL
0x00007ffc14400000 - 0x00007ffc1440a000 	C:\WINDOWS\SYSTEM32\VERSION.dll
0x00007ffc11f60000 - 0x00007ffc11f69000 	C:\WINDOWS\SYSTEM32\WSOCK32.dll
0x00007ffc154b0000 - 0x00007ffc1551b000 	C:\WINDOWS\System32\WS2_32.dll
0x00007ffc094a0000 - 0x00007ffc094c7000 	C:\WINDOWS\SYSTEM32\WINMM.dll
0x00007ffc11f50000 - 0x00007ffc11f5f000 	C:\Program Files\Android\Android Studio\jre\jre\bin\verify.dll
0x00007ffbee770000 - 0x00007ffbee799000 	C:\Program Files\Android\Android Studio\jre\jre\bin\java.dll
0x00007ffbeeb50000 - 0x00007ffbeeb66000 	C:\Program Files\Android\Android Studio\jre\jre\bin\zip.dll
0x00007ffc15520000 - 0x00007ffc15c62000 	C:\WINDOWS\System32\SHELL32.dll
0x00007ffc12920000 - 0x00007ffc130b1000 	C:\WINDOWS\SYSTEM32\windows.storage.dll
0x00007ffc15eb0000 - 0x00007ffc16205000 	C:\WINDOWS\System32\combase.dll
0x00007ffc14270000 - 0x00007ffc1429c000 	C:\WINDOWS\SYSTEM32\Wldp.dll
0x00007ffc17040000 - 0x00007ffc170ee000 	C:\WINDOWS\System32\SHCORE.dll
0x00007ffc16210000 - 0x00007ffc16265000 	C:\WINDOWS\System32\shlwapi.dll
0x00007ffc147b0000 - 0x00007ffc147cf000 	C:\WINDOWS\SYSTEM32\profapi.dll
0x00007ffbee700000 - 0x00007ffbee71a000 	C:\Program Files\Android\Android Studio\jre\jre\bin\net.dll
0x00007ffc13fe0000 - 0x00007ffc1404a000 	C:\WINDOWS\system32\mswsock.dll
0x00007ffbee500000 - 0x00007ffbee513000 	C:\Program Files\Android\Android Studio\jre\jre\bin\nio.dll
0x00007ffc10230000 - 0x00007ffc10257000 	C:\Users\Raman\.gradle\native\f6784746aeab05261644944871eae4fe03e0ef1612fff0a4a95f87b438bc6780\windows-amd64\native-platform.dll
0x00007ffc0e9d0000 - 0x00007ffc0e9dd000 	C:\Program Files\Android\Android Studio\jre\jre\bin\management.dll
0x00007ffc141b0000 - 0x00007ffc141c8000 	C:\WINDOWS\SYSTEM32\CRYPTSP.dll
0x00007ffc13910000 - 0x00007ffc13944000 	C:\WINDOWS\system32\rsaenh.dll
0x00007ffc14e40000 - 0x00007ffc14e67000 	C:\WINDOWS\System32\bcrypt.dll
0x00007ffc14730000 - 0x00007ffc1475e000 	C:\WINDOWS\SYSTEM32\USERENV.dll
0x00007ffc14f80000 - 0x00007ffc15000000 	C:\WINDOWS\System32\bcryptprimitives.dll
0x00007ffc141d0000 - 0x00007ffc141dc000 	C:\WINDOWS\SYSTEM32\CRYPTBASE.dll
0x00007ffc13c80000 - 0x00007ffc13cbb000 	C:\WINDOWS\SYSTEM32\IPHLPAPI.DLL
0x00007ffc15cd0000 - 0x00007ffc15cd8000 	C:\WINDOWS\System32\NSI.dll
0x00007ffc0c0d0000 - 0x00007ffc0c0e7000 	C:\WINDOWS\SYSTEM32\dhcpcsvc6.DLL
0x00007ffc0bb30000 - 0x00007ffc0bb4d000 	C:\WINDOWS\SYSTEM32\dhcpcsvc.DLL
0x00007ffc13cd0000 - 0x00007ffc13d9c000 	C:\WINDOWS\SYSTEM32\DNSAPI.dll
0x00007ffc0c0f0000 - 0x00007ffc0c0fb000 	C:\WINDOWS\SYSTEM32\WINNSI.DLL

VM Arguments:
jvm_args: -Xmx2048m -Dfile.encoding=UTF-8 -Duser.country=RU -Duser.language=ru -Duser.variant 
java_command: org.gradle.launcher.daemon.bootstrap.GradleDaemon 6.5
java_class_path (initial): C:\Users\Raman\.gradle\wrapper\dists\gradle-6.5-bin\6nifqtx7604sqp1q6g8wikw7p\gradle-6.5\lib\gradle-launcher-6.5.jar
Launcher Type: SUN_STANDARD

Environment Variables:
PATH=C:\Python39\Scripts\;C:\Python39\;C:\Program Files\dotnet\;C:\Program Files\Crucial\Crucial Storage Executive;C:\ProgramData\chocolatey\bin;C:\Program Files\nodejs\;C:\Program Files\Microsoft VS Code\bin;C:\Program Files\Git\cmd;C:\Users\Raman\AppData\Local\Microsoft\WindowsApps;C:\Users\Raman\AppData\Local\GitHubDesktop\bin;C:\Users\Raman\AppData\Local\Microsoft\WindowsApps;C:\Users\Raman\.dotnet\tools;C:\Users\Raman\AppData\Roaming\npm;C:\Users\Raman\.dotnet\tools
USERNAME=Raman
OS=Windows_NT
PROCESSOR_IDENTIFIER=Intel64 Family 6 Model 60 Stepping 3, GenuineIntel



---------------  S Y S T E M  ---------------

OS: Windows 10.0 , 64 bit Build 19041 (10.0.19041.928)

CPU:total 8 (initial active 8) (4 cores per cpu, 2 threads per core) family 6 model 60 stepping 3, cmov, cx8, fxsr, mmx, sse, sse2, sse3, ssse3, sse4.1, sse4.2, popcnt, avx, avx2, aes, clmul, erms, lzcnt, ht, tsc, tscinvbit, bmi1, bmi2

Memory: 4k page, physical 16726380k(7374064k free), swap 20894116k(3151072k free)

vm_info: OpenJDK 64-Bit Server VM (25.242-b01) for windows-amd64 JRE (1.8.0_242-release-1644-b01), built by "builder" with MS VC++ 10.0 (VS2010)

time: Fri Apr 16 15:26:22 2021
timezone: RTZ 2 (зима)
elapsed time: 35 seconds (0d 0h 0m 35s)

